Build started 8/25/2014 12:44:15 PM.
     1>Project "C:\Users\crupib\documents\visual studio 2013\Projects\PID_CONTROLLER\PID_CONTROLLER\PID_CONTROLLER.vcxproj" on node 2 (Rebuild target(s)).
     1>_PrepareForClean:
         Deleting file "Debug\PID_CONTROLLER.tlog\PID_CONTROLLER.lastbuildstate".
       InitializeBuildStatus:
         Creating "Debug\PID_CONTROLLER.tlog\unsuccessfulbuild" because "AlwaysCreate" was specified.
       ClCompile:
         C:\Program Files (x86)\Microsoft Visual Studio 12.0\VC\bin\CL.exe /c /ZI /nologo /W3 /WX- /sdl /Od /Oy- /D WIN32 /D _DEBUG /D _CONSOLE /D _LIB /D _UNICODE /D UNICODE /Gm /EHsc /RTC1 /MDd /GS /fp:precise /Zc:wchar_t /Zc:forScope /Yc"stdafx.h" /Fp"Debug\PID_CONTROLLER.pch" /Fo"Debug\\" /Fd"Debug\vc120.pdb" /Gd /TP /analyze- /errorReport:prompt stdafx.cpp
         stdafx.cpp
         C:\Program Files (x86)\Microsoft Visual Studio 12.0\VC\bin\CL.exe /c /ZI /nologo /W3 /WX- /sdl /Od /Oy- /D WIN32 /D _DEBUG /D _CONSOLE /D _LIB /D _UNICODE /D UNICODE /Gm /EHsc /RTC1 /MDd /GS /fp:precise /Zc:wchar_t /Zc:forScope /Yu"stdafx.h" /Fp"Debug\PID_CONTROLLER.pch" /Fo"Debug\\" /Fd"Debug\vc120.pdb" /Gd /TP /analyze- /errorReport:prompt Config.cpp PID_CONTROLLER.cpp
         PID_CONTROLLER.cpp
         Config.cpp
         Generating Code...
       Link:
         C:\Program Files (x86)\Microsoft Visual Studio 12.0\VC\bin\link.exe /ERRORREPORT:PROMPT /OUT:"C:\Users\crupib\documents\visual studio 2013\Projects\PID_CONTROLLER\Debug\PID_CONTROLLER.exe" /INCREMENTAL /NOLOGO kernel32.lib user32.lib gdi32.lib winspool.lib comdlg32.lib advapi32.lib shell32.lib ole32.lib oleaut32.lib uuid.lib odbc32.lib odbccp32.lib /MANIFEST /MANIFESTUAC:"level='asInvoker' uiAccess='false'" /manifest:embed /DEBUG /PDB:"C:\Users\crupib\documents\visual studio 2013\Projects\PID_CONTROLLER\Debug\PID_CONTROLLER.pdb" /SUBSYSTEM:CONSOLE /TLBID:1 /DYNAMICBASE /NXCOMPAT /IMPLIB:"C:\Users\crupib\documents\visual studio 2013\Projects\PID_CONTROLLER\Debug\PID_CONTROLLER.lib" /MACHINE:X86 Debug\Config.obj
         Debug\PID_CONTROLLER.obj
         Debug\stdafx.obj
         PID_CONTROLLER.vcxproj -> C:\Users\crupib\documents\visual studio 2013\Projects\PID_CONTROLLER\Debug\PID_CONTROLLER.exe
       FinalizeBuildStatus:
         Deleting file "Debug\PID_CONTROLLER.tlog\unsuccessfulbuild".
         Touching "Debug\PID_CONTROLLER.tlog\PID_CONTROLLER.lastbuildstate".
     1>Done Building Project "C:\Users\crupib\documents\visual studio 2013\Projects\PID_CONTROLLER\PID_CONTROLLER\PID_CONTROLLER.vcxproj" (Rebuild target(s)).

Build succeeded.

Time Elapsed 00:00:10.45
